[elink.io/p/facebook-ad-examples-2018.html]
[backblue.gif]
[fade.gif]
[index.html]
[d2si46jc38oa3k.cloudfront.net/assets/icon-trans-32-10e3ed9cc35aca86ad7e2fc30806aeff4dfb8d5690f117d842a16c4f394d2405.png]
[d2si46jc38oa3k.cloudfront.net/assets/icon-filled-144-1c2aff225b2bdb69f204cab3ac3fa42a86081e80fbdb1ecffa6ea141a83da44f.png]
[d2si46jc38oa3k.cloudfront.net/system/images/links/l900/f6/f610624efc652ae6.jpg]
[d2si46jc38oa3k.cloudfront.net/assets/icon-trans-144-ba53dc04ed95285211b46cd45bba719d67643395bdc00f0f41cab8df50a88c78.png]
[elink.io/p/_https_/elink.io/embed/9a85e27_]
[d2si46jc38oa3k.cloudfront.net/assets/frontend-8401e5e129e8bf3e9012d5b67d3f6ea8413a074cc9aa020ece0823e3a892008b.css]
[d2si46jc38oa3k.cloudfront.net/assets/frontend-645976f50c203a1a162d095cdcd76788788972a64719c7ee95e0cd5f2ab3e58c.js]
[elink.io/assets/missing/header-745cbc8ea8d04e400351fda9b204f352955b3b1caeaf335692f1fe49f4c525be.png]
[d2si46jc38oa3k.cloudfront.net/system/images/links/l900/14/14a4e0b603a39468.png]
[d2si46jc38oa3k.cloudfront.net/system/images/links/l900/57/57a8782c5233e4c1.png]
[d2si46jc38oa3k.cloudfront.net/system/images/links/l900/57/57555093d21f2132.jpg]
[d2si46jc38oa3k.cloudfront.net/system/images/links/l900/49/49812c49b8c21e4e.png]
[d2si46jc38oa3k.cloudfront.net/system/images/links/l900/f3/f324f63960c82f64.png]
[d2si46jc38oa3k.cloudfront.net/system/images/links/l900/b0/b04e9a11605e1eb8.png]
[d2si46jc38oa3k.cloudfront.net/system/images/links/l900/c1/c18149a3a1d25cb6.jpg]
[d2si46jc38oa3k.cloudfront.net/system/images/links/l900/18/18cdcdb8b4bba055.jpg]
[d2si46jc38oa3k.cloudfront.net/system/images/links/l900/48/48c45a1be1f9e5c9.png]
[elink.io/p/9a85e27/flags]
[d2si46jc38oa3k.cloudfront.net/assets/elink-banner-bit-85bff72d21e1db6ad78af0533f8987afd0b66196986fb1eaa90ee45af7c49cb3.png]
[www.google-analytics.com/analytics.js]
[elink.io/p/facebook-ad-examples-2018.html]
[elink.io/p/_https_/elink.io/embed/9a85e27_.html]
[d2si46jc38oa3k.cloudfront.net/assets/entypo-plus-3e786f21c3afc79cbe9f1f5f97b15b5640663714394c582bb0d3940ec1a7b488.woff]
[d2si46jc38oa3k.cloudfront.net/assets/entypo-plus-19584ab06650da53987af3204a87547ce9e06646ca980acf5df76141181f5509d41d.eot]
[d2si46jc38oa3k.cloudfront.net/assets/entypo-plus-ac69be1025ca9b1099ebc36d941e8787ac3b5df38b65b254659bea3a7df9825e.ttf]
[d2si46jc38oa3k.cloudfront.net/assets/select-field-arrows-ce342cb6d91f0203bc48b8cd380ba945f54467b17c81c5a8df36b2783bc60d6e.png]
[d2si46jc38oa3k.cloudfront.net/assets/btn-close-e68cc7374dcf8afd207785015a44004a99b35fb9319e425ba82a6466f8cb45c0.png]
[d2si46jc38oa3k.cloudfront.net/assets/entypo-plus-8cc82ec62d9e38fc3f3fed62076f5dd1e6f6c18a2b28a805c162d1b78ade5bf4.svg]
[d2si46jc38oa3k.cloudfront.net/assets/share-facebook-8ac36016eb2ff0af78c5f8a5997a174168e6b4739779541665636539c96c2293.png]
[d2si46jc38oa3k.cloudfront.net/assets/share-twitter-26b8b5837f88081ac06067cf1a0b1f1ccaebc37f2627004758b619326eee970e.png]
[d2si46jc38oa3k.cloudfront.net/assets/share-google-129256847f4408421ba2c956f733a3df3b976347b67a61cc511f840e76ede4ce.png]
[d2si46jc38oa3k.cloudfront.net/assets/share-pinterest-7a4869ec22f3a5704a73dea9f11c38a6c2a1ce39ddea6ec9ee577cd3c5defd06.png]
[d2si46jc38oa3k.cloudfront.net/assets/share-reddit-b5d289318dd58e3bd582b659585b4688841fbcba1fc6b77c18c71d3830e07d60.png]
[d2si46jc38oa3k.cloudfront.net/assets/share-linkedin-64ddc4243d7ff15551ea5c3dec565c7b675c77ccd7d33eaab22bd19f4022d7f2.png]
[d2si46jc38oa3k.cloudfront.net/assets/share-buffer-4a5f62a827a92bcfa9fa2ee4a401db7302f39838e49eeaa55c2809643d9701e0.png]
[d2si46jc38oa3k.cloudfront.net/assets/share-email-3432c30573842a16865ead62f5dd65f31eb6c3462a4b2fb411b1b6190d48aa84.png]
[d2si46jc38oa3k.cloudfront.net/assets/share-embed-af44ea2300d765fb4490c7748fd21a0144f18d003769b2412f2c329e8931cc1e.png]
[d2si46jc38oa3k.cloudfront.net/assets/social/unknown-icon-88fd55f4e37b045f6b5ac249c200cd17cbeb791c2e825ff2397fed2a40c7e078.png]
[d2si46jc38oa3k.cloudfront.net/assets/social/blogger-icon-ee6db5cf127cbbd0d05d429d0fb0bdc4c401287c769ca7b79192606d5591a154.png]
[d2si46jc38oa3k.cloudfront.net/assets/social/dribble-icon-a44cfec67517fa0c96647d8e987c6c618eba6b033b83481f2ff1d6071fe6b314.png]
[d2si46jc38oa3k.cloudfront.net/assets/social/facebook-icon-93a7b74dc302b73646d27c65db2640e74f5ac3d9f42e244d67e0cb85928525ae.png]
[d2si46jc38oa3k.cloudfront.net/assets/social/flickr-icon-d5a7f99f09b2fc0d5f22c365a686a3d5796f1a7d60087336e77fdde48f50542b.png]
[d2si46jc38oa3k.cloudfront.net/assets/social/github-icon-834971ab1dd2d104be1bfdc88b83d7fb5dc6886667b6ba5fcc10afe26dd1b4fe.png]
[d2si46jc38oa3k.cloudfront.net/assets/social/instagram-icon-1082d4e895909eaaa266a6ed150a6abc34f5b488d91ae741a3e2226a9f01885f.png]
[d2si46jc38oa3k.cloudfront.net/assets/social/linkedin-icon-7860e9be804529a292610c43db58d7b091d130a11d5f8402ca451a5df75c117c.png]
[d2si46jc38oa3k.cloudfront.net/assets/social/pinterest-icon-72820243f5458993cfebdc216657c5ef10de807d584ce7b1f4dab5917d07acfb.png]
[d2si46jc38oa3k.cloudfront.net/assets/social/plus-google-icon-30f0d36e70ca04b421e8912c68f7030de9238ad824376dbe1ca85064f0925abc.png]
[d2si46jc38oa3k.cloudfront.net/assets/social/skype-icon-7d2dcb696aedad44a2662673bc3236fa06c4b7102b4b31a850502588a897c155.png]
[d2si46jc38oa3k.cloudfront.net/assets/social/snapchat-icon-dfbc8d61366f302a1d8cafe6714f5e3eb032755b4b1029370705d9782c85b624.png]
[d2si46jc38oa3k.cloudfront.net/assets/social/soundcloud-icon-50ae6b7f406a04617b260bec71b7343c47461f317f18f3665a2d27a2d9b33a68.png]
[d2si46jc38oa3k.cloudfront.net/assets/social/stackoverflow-icon-edd1d1535d241c2594b3b85c5907785827316c761a29aeb97063dd262425ecc6.png]
[d2si46jc38oa3k.cloudfront.net/assets/social/stumbleupon-icon-a81d41809a9c35066a9dee8882db903c581c6d4d415063af2669243cb29ede44.png]
[d2si46jc38oa3k.cloudfront.net/assets/social/tumblr-icon-aea58dba7bdd017800589e6a8a0bd1fd47bf820819210174ac46801547dab1a0.png]
[d2si46jc38oa3k.cloudfront.net/assets/social/twitter-icon-7881026fa414d9edbc9c555ca34e2829f07a1cf8df4d94221a3120615e06a51c.png]
[d2si46jc38oa3k.cloudfront.net/assets/social/vimeo-icon-e207087477c7d01e626a0280f192596cba62d78b85e7846164728a6615c5650b.png]
[d2si46jc38oa3k.cloudfront.net/assets/social/vine-co-icon-1a68beae8936e4a59073e0fbe66d2d999f11d8b26adeda2ed6166ccad841d504.png]
[d2si46jc38oa3k.cloudfront.net/assets/social/yelp-icon-ff42efccb393dffcb054830aa469d824ad3b2a64f65aa0b712f1d027b2003df8.png]
[d2si46jc38oa3k.cloudfront.net/assets/social/youtube-icon-0de76366b4b2e23a0569344ee48c216448ac888e93a4f4bbb58f0f80be1a6cfa.png]
[d2si46jc38oa3k.cloudfront.net/assets/social/angel-co-icon-c29900645c9beb77313c522292ac47c80f33140ffe1efcefcce2810299dac68b.png]
[d2si46jc38oa3k.cloudfront.net/assets/btn-share-19b0e250af7dcdf464599b56ee797823890aca5c41f063872ee645c011e20fdd.png]
[d2si46jc38oa3k.cloudfront.net/assets/btn-share-dark-a57f32ae02452871780851748db03f717a563b1181e85b9d420af06fa19cf43b.png]
[d2si46jc38oa3k.cloudfront.net/assets/media-icon-video-c4e3e3b8d2bd9b6ae4946e62b3c50d6c85aa1b1ae54543eab44a9208bdf72a36.png]
[d2si46jc38oa3k.cloudfront.net/assets/media-icon-rich-068bb6aa94cbfabc7ff708a16cbf0bd9ca278e84be7995c72cbdf39cd906c44d.png]
[d2si46jc38oa3k.cloudfront.net/assets/frontend-8401e5e129e8bf3e9012d5b67d3f6ea8413a074cc9aa020ece0823e3a892008b.css]
[elink.io/p/9a85e27/flags.html]
[d2si46jc38oa3k.cloudfront.net/assets/entypo-plus-8cc82ec62d9e38fc3f3fed62076f5dd1e6f6c18a2b28a805c162d1b78ade5bf4.svg]
